<?xml version="1.0" encoding="UTF-8"?>
<testsuite xmlns:xsi="http://www.w3.org/2001/XMLSchema-instance" xsi:noNamespaceSchemaLocation="https://maven.apache.org/surefire/maven-surefire-plugin/xsd/surefire-test-report.xsd" name="nz.ac.auckland.se281.a4.StudentsTestsForMarking" time="6.563" tests="9" errors="0" skipped="0" failures="0">
  <properties>
    <property name="java.specification.version" value="17"/>
    <property name="sun.cpu.isalist" value="amd64"/>
    <property name="sun.jnu.encoding" value="Cp1252"/>
    <property name="java.class.path" value="C:\Users\Administrator\OneDrive - The University of Auckland\Documents\Uni\Yr2\Softeng281\Ass4\assignment-4-Mattwai\target\test-classes;C:\Users\Administrator\OneDrive - The University of Auckland\Documents\Uni\Yr2\Softeng281\Ass4\assignment-4-Mattwai\target\classes;C:\Users\Administrator\.m2\repository\junit\junit\4.12\junit-4.12.jar;C:\Users\Administrator\.m2\repository\org\hamcrest\hamcrest-core\1.3\hamcrest-core-1.3.jar;C:\Users\Administrator\.m2\repository\com\google\code\gson\gson\2.9.0\gson-2.9.0.jar;C:\Users\Administrator\.m2\repository\com\github\javafaker\javafaker\0.12\javafaker-0.12.jar;C:\Users\Administrator\.m2\repository\org\apache\commons\commons-lang3\3.5\commons-lang3-3.5.jar;C:\Users\Administrator\.m2\repository\com\github\mifmif\generex\1.0.2\generex-1.0.2.jar;C:\Users\Administrator\.m2\repository\dk\brics\automaton\automaton\1.11-8\automaton-1.11-8.jar;C:\Users\Administrator\.m2\repository\se\emirbuc\randomsentence\random-sentence-generator\0.0.7\random-sentence-generator-0.0.7.jar;C:\Users\Administrator\.m2\repository\org\apache\commons\commons-collections4\4.0\commons-collections4-4.0.jar;"/>
    <property name="java.vm.vendor" value="Oracle Corporation"/>
    <property name="sun.arch.data.model" value="64"/>
    <property name="user.variant" value=""/>
    <property name="java.vendor.url" value="https://java.oracle.com/"/>
    <property name="user.timezone" value="Pacific/Auckland"/>
    <property name="os.name" value="Windows 10"/>
    <property name="java.vm.specification.version" value="17"/>
    <property name="sun.java.launcher" value="SUN_STANDARD"/>
    <property name="user.country" value="NZ"/>
    <property name="sun.boot.library.path" value="C:\Program Files\Java\jdk-17.0.2\bin"/>
    <property name="sun.java.command" value="C:\Users\ADMINI~1\AppData\Local\Temp\surefire14545822521247888733\surefirebooter374766182303696190.jar C:\Users\Administrator\AppData\Local\Temp\surefire14545822521247888733 2022-06-08T14-11-11_915-jvmRun1 surefire1318327217676588415tmp surefire_08818216197836751909tmp"/>
    <property name="jdk.debug" value="release"/>
    <property name="surefire.test.class.path" value="C:\Users\Administrator\OneDrive - The University of Auckland\Documents\Uni\Yr2\Softeng281\Ass4\assignment-4-Mattwai\target\test-classes;C:\Users\Administrator\OneDrive - The University of Auckland\Documents\Uni\Yr2\Softeng281\Ass4\assignment-4-Mattwai\target\classes;C:\Users\Administrator\.m2\repository\junit\junit\4.12\junit-4.12.jar;C:\Users\Administrator\.m2\repository\org\hamcrest\hamcrest-core\1.3\hamcrest-core-1.3.jar;C:\Users\Administrator\.m2\repository\com\google\code\gson\gson\2.9.0\gson-2.9.0.jar;C:\Users\Administrator\.m2\repository\com\github\javafaker\javafaker\0.12\javafaker-0.12.jar;C:\Users\Administrator\.m2\repository\org\apache\commons\commons-lang3\3.5\commons-lang3-3.5.jar;C:\Users\Administrator\.m2\repository\com\github\mifmif\generex\1.0.2\generex-1.0.2.jar;C:\Users\Administrator\.m2\repository\dk\brics\automaton\automaton\1.11-8\automaton-1.11-8.jar;C:\Users\Administrator\.m2\repository\se\emirbuc\randomsentence\random-sentence-generator\0.0.7\random-sentence-generator-0.0.7.jar;C:\Users\Administrator\.m2\repository\org\apache\commons\commons-collections4\4.0\commons-collections4-4.0.jar;"/>
    <property name="sun.cpu.endian" value="little"/>
    <property name="user.home" value="C:\Users\Administrator"/>
    <property name="user.language" value="en"/>
    <property name="java.specification.vendor" value="Oracle Corporation"/>
    <property name="java.version.date" value="2022-01-18"/>
    <property name="java.home" value="C:\Program Files\Java\jdk-17.0.2"/>
    <property name="file.separator" value="\"/>
    <property name="basedir" value="C:\Users\Administrator\OneDrive - The University of Auckland\Documents\Uni\Yr2\Softeng281\Ass4\assignment-4-Mattwai"/>
    <property name="java.vm.compressedOopsMode" value="Zero based"/>
    <property name="line.separator" value="&#10;"/>
    <property name="java.vm.specification.vendor" value="Oracle Corporation"/>
    <property name="java.specification.name" value="Java Platform API Specification"/>
    <property name="surefire.real.class.path" value="C:\Users\ADMINI~1\AppData\Local\Temp\surefire14545822521247888733\surefirebooter374766182303696190.jar"/>
    <property name="user.script" value=""/>
    <property name="sun.management.compiler" value="HotSpot 64-Bit Tiered Compilers"/>
    <property name="java.runtime.version" value="17.0.2+8-LTS-86"/>
    <property name="user.name" value="Administrator"/>
    <property name="path.separator" value=";"/>
    <property name="os.version" value="10.0"/>
    <property name="java.runtime.name" value="Java(TM) SE Runtime Environment"/>
    <property name="file.encoding" value="Cp1252"/>
    <property name="java.vm.name" value="Java HotSpot(TM) 64-Bit Server VM"/>
    <property name="localRepository" value="C:\Users\Administrator\.m2\repository"/>
    <property name="java.vendor.url.bug" value="https://bugreport.java.com/bugreport/"/>
    <property name="java.io.tmpdir" value="C:\Users\ADMINI~1\AppData\Local\Temp\"/>
    <property name="java.version" value="17.0.2"/>
    <property name="user.dir" value="C:\Users\Administrator\OneDrive - The University of Auckland\Documents\Uni\Yr2\Softeng281\Ass4\assignment-4-Mattwai"/>
    <property name="os.arch" value="amd64"/>
    <property name="java.vm.specification.name" value="Java Virtual Machine Specification"/>
    <property name="sun.os.patch.level" value=""/>
    <property name="native.encoding" value="Cp1252"/>
    <property name="java.library.path" value="C:\Program Files\Java\jdk-17.0.2\bin;C:\WINDOWS\Sun\Java\bin;C:\WINDOWS\system32;C:\WINDOWS;C:\Program Files\Java\jdk-17.0.2\bin;C:\Program Files\Common Files\Oracle\Java\javapath;C:\Program Files (x86)\Common Files\Intel\Shared Libraries\redist\intel64\compiler;C:\Program Files (x86)\Common Files\Oracle\Java\javapath;C:\Program Files\Python37\Scripts\;C:\Program Files\Python37\;C:\Program Files (x86)\Intel\iCLS Client\;C:\ProgramData\Oracle\Java\javapath;C:\Program Files\Intel\iCLS Client\;C:\WINDOWS\system32;C:\WINDOWS;C:\WINDOWS\System32\Wbem;C:\WINDOWS\System32\WindowsPowerShell\v1.0\;C:\Program Files (x86)\Windows Live\Shared;C:\Program Files (x86)\Intel\Intel(R) Management Engine Components\DAL;C:\Program Files\Intel\Intel(R) Management Engine Components\DAL;C:\Program Files (x86)\Intel\Intel(R) Management Engine Components\IPT;C:\Program Files\Intel\Intel(R) Management Engine Components\IPT;C:\Program Files\Python36;C:\Program files\Python36\Scripts;C:\Program Files (x86)\GtkSharp\2.12\bin;C:\Program Files (x86)\Brackets\command;C:\Program Files\Intel\WiFi\bin\;C:\Program Files\Common Files\Intel\WirelessCommon\;C:\WINDOWS\System32\OpenSSH\;C:\Program Files\MATLAB\R2021a\bin;C:\Program Files\Microsoft SQL Server\120\Tools\Binn\;C:\msys64\mingw64\bin;C:\Program Files\Git\cmd;C:\Program Files\nodejs\;C:\Users\Administrator\AppData\Local\Microsoft\WindowsApps;;C:\Users\Administrator\AppData\Local\Programs\Microsoft VS Code\bin;C:\Users\Administrator\AppData\Roaming\npm;."/>
    <property name="java.vm.info" value="mixed mode, sharing"/>
    <property name="java.vendor" value="Oracle Corporation"/>
    <property name="java.vm.version" value="17.0.2+8-LTS-86"/>
    <property name="sun.io.unicode.encoding" value="UnicodeLittle"/>
    <property name="java.class.version" value="61.0"/>
  </properties>
  <testcase name="T3_45_A" classname="nz.ac.auckland.se281.a4.StudentsTestsForMarking$Task3BFSTest" time="0.063"/>
  <testcase name="T3_47_C" classname="nz.ac.auckland.se281.a4.StudentsTestsForMarking$Task3BFSTest" time="0.085"/>
  <testcase name="T3_50_F" classname="nz.ac.auckland.se281.a4.StudentsTestsForMarking$Task3BFSTest" time="0.045"/>
  <testcase name="T3_52_A" classname="nz.ac.auckland.se281.a4.StudentsTestsForMarking$Task3DFSTest" time="0.333"/>
  <testcase name="T3_54_C" classname="nz.ac.auckland.se281.a4.StudentsTestsForMarking$Task3DFSTest" time="0.199"/>
  <testcase name="T3_57_F" classname="nz.ac.auckland.se281.a4.StudentsTestsForMarking$Task3DFSTest" time="0.04"/>
  <testcase name="T3_01_A" classname="nz.ac.auckland.se281.a4.StudentsTestsForMarking$Task4SearchTweetTest" time="0.649"/>
  <testcase name="T3_03_C" classname="nz.ac.auckland.se281.a4.StudentsTestsForMarking$Task4SearchTweetTest" time="0.589"/>
  <testcase name="T3_06_F" classname="nz.ac.auckland.se281.a4.StudentsTestsForMarking$Task4SearchTweetTest" time="1.032"/>
</testsuite>